[2018-04-14 08:32:29] Текст ошибки Страница не найдена | Файл:E:\all\OpenServer\OpenServer\domains\PHPmaster.loc\public\index.php | Строка: 9
===========
[2018-04-14 08:32:29] Текст ошибки Страница не найдена | Файл:E:\all\OpenServer\OpenServer\domains\PHPmaster.loc\public\index.php | Строка: 9
===========
[2018-04-14 08:32:58] Текст ошибки Страница не найдена | Файл:E:\all\OpenServer\OpenServer\domains\PHPmaster.loc\public\index.php | Строка: 9
===========
[2018-04-14 08:38:13] Текст ошибки Страница не найдена | Файл:E:\all\OpenServer\OpenServer\domains\PHPmaster.loc\public\index.php | Строка: 9 
 =========== 
 [2018-04-14 08:38:14] Текст ошибки Страница не найдена | Файл:E:\all\OpenServer\OpenServer\domains\PHPmaster.loc\public\index.php | Строка: 9 
 =========== 
 [2018-04-14 08:38:22] Текст ошибки Страница не найдена | Файл:E:\all\OpenServer\OpenServer\domains\PHPmaster.loc\public\index.php | Строка: 9 
 =========== 
 [2018-04-14 08:38:22] Текст ошибки Страница не найдена | Файл:E:\all\OpenServer\OpenServer\domains\PHPmaster.loc\public\index.php | Строка: 9 
 =========== 
 [2018-04-14 08:38:22] Текст ошибки Страница не найдена | Файл:E:\all\OpenServer\OpenServer\domains\PHPmaster.loc\public\index.php | Строка: 9 
 =========== 
 [2018-04-14 08:38:23] Текст ошибки Страница не найдена | Файл:E:\all\OpenServer\OpenServer\domains\PHPmaster.loc\public\index.php | Строка: 9 
 =========== 
 [2018-04-14 08:38:23] Текст ошибки Страница не найдена | Файл:E:\all\OpenServer\OpenServer\domains\PHPmaster.loc\public\index.php | Строка: 9 
 =========== 
 [2018-04-14 08:38:23] Текст ошибки Страница не найдена | Файл:E:\all\OpenServer\OpenServer\domains\PHPmaster.loc\public\index.php | Строка: 9 
 =========== 
 [2018-04-14 08:38:24] Текст ошибки Страница не найдена | Файл:E:\all\OpenServer\OpenServer\domains\PHPmaster.loc\public\index.php | Строка: 9 
 =========== 
 [2018-04-14 08:38:27] Текст ошибки Страница не найдена | Файл:E:\all\OpenServer\OpenServer\domains\PHPmaster.loc\public\index.php | Строка: 9 
 =========== 
 [2018-04-14 08:38:27] Текст ошибки Страница не найдена | Файл:E:\all\OpenServer\OpenServer\domains\PHPmaster.loc\public\index.php | Строка: 9 
 =========== 
 [2018-04-14 08:39:34] Текст ошибки Страница не найдена | Файл:E:\all\OpenServer\OpenServer\domains\PHPmaster.loc\public\index.php | Строка: 9 
 =========== 
 [2018-04-14 08:39:37] Текст ошибки Страница не найдена | Файл:E:\all\OpenServer\OpenServer\domains\PHPmaster.loc\public\index.php | Строка: 9 
 =========== 
 [2018-04-14 08:39:38] Текст ошибки Страница не найдена | Файл:E:\all\OpenServer\OpenServer\domains\PHPmaster.loc\public\index.php | Строка: 9 
 =========== 
 [2018-04-14 08:39:41] Текст ошибки Страница не найдена | Файл:E:\all\OpenServer\OpenServer\domains\PHPmaster.loc\public\index.php | Строка: 9 
 =========== 
 [2018-04-14 08:39:42] Текст ошибки Страница не найдена | Файл:E:\all\OpenServer\OpenServer\domains\PHPmaster.loc\public\index.php | Строка: 9 
 =========== 
 [2018-04-14 08:39:43] Текст ошибки Страница не найдена | Файл:E:\all\OpenServer\OpenServer\domains\PHPmaster.loc\public\index.php | Строка: 9 
 =========== 
 [2018-04-14 08:39:56] Текст ошибки Страница не найдена | Файл:E:\all\OpenServer\OpenServer\domains\PHPmaster.loc\public\index.php | Строка: 9 
 =========== 
 [2018-04-14 08:39:56] Текст ошибки Страница не найдена | Файл:E:\all\OpenServer\OpenServer\domains\PHPmaster.loc\public\index.php | Строка: 9 
 =========== 
 [2018-04-14 08:39:57] Текст ошибки Страница не найдена | Файл:E:\all\OpenServer\OpenServer\domains\PHPmaster.loc\public\index.php | Строка: 9 
 =========== 
 [2018-04-14 08:39:58] Текст ошибки Страница не найдена | Файл:E:\all\OpenServer\OpenServer\domains\PHPmaster.loc\public\index.php | Строка: 9 
 =========== 
 [2018-04-14 08:39:59] Текст ошибки Страница не найдена | Файл:E:\all\OpenServer\OpenServer\domains\PHPmaster.loc\public\index.php | Строка: 9 
 =========== 
 [2018-04-14 08:39:59] Текст ошибки Страница не найдена | Файл:E:\all\OpenServer\OpenServer\domains\PHPmaster.loc\public\index.php | Строка: 9 
 =========== 
 [2018-04-14 08:40:26] Текст ошибки Страница не найдена | Файл:E:\all\OpenServer\OpenServer\domains\PHPmaster.loc\public\index.php | Строка: 9 
 =========== 
 [2018-04-14 08:40:36] Текст ошибки Страница не найдена | Файл:E:\all\OpenServer\OpenServer\domains\PHPmaster.loc\public\index.php | Строка: 9 
 =========== 
 [2018-04-14 08:40:42] Текст ошибки Страница не найдена | Файл:E:\all\OpenServer\OpenServer\domains\PHPmaster.loc\public\index.php | Строка: 9 
 =========== 
 [2018-04-14 08:43:57] Текст ошибки Страница не найдена | Файл:E:\all\OpenServer\OpenServer\domains\PHPmaster.loc\public\index.php | Строка: 9 
 =========== 
 